Determining if the pthread_create exist failed with the following output:
Change Dir: /home/team28/catkin_ws/build_isolated/occupancy/CMakeFiles/CMakeTmp

Run Build Command:"/usr/bin/make" "cmTC_153e1/fast"
/usr/bin/make -f CMakeFiles/cmTC_153e1.dir/build.make CMakeFiles/cmTC_153e1.dir/build
make[1]: Entering directory '/home/team28/catkin_ws/build_isolated/occupancy/CMakeFiles/CMakeTmp'
Building C object CMakeFiles/cmTC_153e1.dir/CheckSymbolExists.c.o
/usr/bin/cc    -o CMakeFiles/cmTC_153e1.dir/CheckSymbolExists.c.o   -c /home/team28/catkin_ws/build_isolated/occupancy/CMakeFiles/CMakeTmp/CheckSymbolExists.c
Linking C executable cmTC_153e1
/usr/bin/cmake -E cmake_link_script CMakeFiles/cmTC_153e1.dir/link.txt --verbose=1
/usr/bin/cc      -rdynamic CMakeFiles/cmTC_153e1.dir/CheckSymbolExists.c.o  -o cmTC_153e1 
CMakeFiles/cmTC_153e1.dir/CheckSymbolExists.c.o: In function `main':
CheckSymbolExists.c:(.text+0x14): undefined reference to `pthread_create'
CheckSymbolExists.c:(.text+0x18): undefined reference to `pthread_create'
collect2: error: ld returned 1 exit status
CMakeFiles/cmTC_153e1.dir/build.make:97: recipe for target 'cmTC_153e1' failed
make[1]: *** [cmTC_153e1] Error 1
make[1]: Leaving directory '/home/team28/catkin_ws/build_isolated/occupancy/CMakeFiles/CMakeTmp'
Makefile:126: recipe for target 'cmTC_153e1/fast' failed
make: *** [cmTC_153e1/fast] Error 2

File /home/team28/catkin_ws/build_isolated/occupancy/CMakeFiles/CMakeTmp/CheckSymbolExists.c:
/* */
#include <pthread.h>

int main(int argc, char** argv)
{
  (void)argv;
#ifndef pthread_create
  return ((int*)(&pthread_create))[argc];
#else
  (void)argc;
  return 0;
#endif
}

Determining if the function pthread_create exists in the pthreads failed with the following output:
Change Dir: /home/team28/catkin_ws/build_isolated/occupancy/CMakeFiles/CMakeTmp

Run Build Command:"/usr/bin/make" "cmTC_95ecc/fast"
/usr/bin/make -f CMakeFiles/cmTC_95ecc.dir/build.make CMakeFiles/cmTC_95ecc.dir/build
make[1]: Entering directory '/home/team28/catkin_ws/build_isolated/occupancy/CMakeFiles/CMakeTmp'
Building C object CMakeFiles/cmTC_95ecc.dir/CheckFunctionExists.c.o
/usr/bin/cc   -DCHECK_FUNCTION_EXISTS=pthread_create   -o CMakeFiles/cmTC_95ecc.dir/CheckFunctionExists.c.o   -c /usr/share/cmake-3.10/Modules/CheckFunctionExists.c
Linking C executable cmTC_95ecc
/usr/bin/cmake -E cmake_link_script CMakeFiles/cmTC_95ecc.dir/link.txt --verbose=1
/usr/bin/cc  -DCHECK_FUNCTION_EXISTS=pthread_create    -rdynamic CMakeFiles/cmTC_95ecc.dir/CheckFunctionExists.c.o  -o cmTC_95ecc -lpthreads 
/usr/bin/ld: cannot find -lpthreads
collect2: error: ld returned 1 exit status
CMakeFiles/cmTC_95ecc.dir/build.make:97: recipe for target 'cmTC_95ecc' failed
make[1]: *** [cmTC_95ecc] Error 1
make[1]: Leaving directory '/home/team28/catkin_ws/build_isolated/occupancy/CMakeFiles/CMakeTmp'
Makefile:126: recipe for target 'cmTC_95ecc/fast' failed
make: *** [cmTC_95ecc/fast] Error 2


