Determining if the pthread_create exist failed with the following output:
Change Dir: /home/team28/catkin_ws/build_isolated/timed_roslaunch/CMakeFiles/CMakeTmp

Run Build Command:"/usr/bin/make" "cmTC_7cfbf/fast"
/usr/bin/make -f CMakeFiles/cmTC_7cfbf.dir/build.make CMakeFiles/cmTC_7cfbf.dir/build
make[1]: Entering directory '/home/team28/catkin_ws/build_isolated/timed_roslaunch/CMakeFiles/CMakeTmp'
Building C object CMakeFiles/cmTC_7cfbf.dir/CheckSymbolExists.c.o
/usr/bin/cc    -o CMakeFiles/cmTC_7cfbf.dir/CheckSymbolExists.c.o   -c /home/team28/catkin_ws/build_isolated/timed_roslaunch/CMakeFiles/CMakeTmp/CheckSymbolExists.c
Linking C executable cmTC_7cfbf
/usr/bin/cmake -E cmake_link_script CMakeFiles/cmTC_7cfbf.dir/link.txt --verbose=1
/usr/bin/cc      -rdynamic CMakeFiles/cmTC_7cfbf.dir/CheckSymbolExists.c.o  -o cmTC_7cfbf 
CMakeFiles/cmTC_7cfbf.dir/CheckSymbolExists.c.o: In function `main':
CheckSymbolExists.c:(.text+0x14): undefined reference to `pthread_create'
CheckSymbolExists.c:(.text+0x18): undefined reference to `pthread_create'
collect2: error: ld returned 1 exit status
CMakeFiles/cmTC_7cfbf.dir/build.make:97: recipe for target 'cmTC_7cfbf' failed
make[1]: *** [cmTC_7cfbf] Error 1
make[1]: Leaving directory '/home/team28/catkin_ws/build_isolated/timed_roslaunch/CMakeFiles/CMakeTmp'
Makefile:126: recipe for target 'cmTC_7cfbf/fast' failed
make: *** [cmTC_7cfbf/fast] Error 2

File /home/team28/catkin_ws/build_isolated/timed_roslaunch/CMakeFiles/CMakeTmp/CheckSymbolExists.c:
/* */
#include <pthread.h>

int main(int argc, char** argv)
{
  (void)argv;
#ifndef pthread_create
  return ((int*)(&pthread_create))[argc];
#else
  (void)argc;
  return 0;
#endif
}

Determining if the function pthread_create exists in the pthreads failed with the following output:
Change Dir: /home/team28/catkin_ws/build_isolated/timed_roslaunch/CMakeFiles/CMakeTmp

Run Build Command:"/usr/bin/make" "cmTC_cff7d/fast"
/usr/bin/make -f CMakeFiles/cmTC_cff7d.dir/build.make CMakeFiles/cmTC_cff7d.dir/build
make[1]: Entering directory '/home/team28/catkin_ws/build_isolated/timed_roslaunch/CMakeFiles/CMakeTmp'
Building C object CMakeFiles/cmTC_cff7d.dir/CheckFunctionExists.c.o
/usr/bin/cc   -DCHECK_FUNCTION_EXISTS=pthread_create   -o CMakeFiles/cmTC_cff7d.dir/CheckFunctionExists.c.o   -c /usr/share/cmake-3.10/Modules/CheckFunctionExists.c
Linking C executable cmTC_cff7d
/usr/bin/cmake -E cmake_link_script CMakeFiles/cmTC_cff7d.dir/link.txt --verbose=1
/usr/bin/cc  -DCHECK_FUNCTION_EXISTS=pthread_create    -rdynamic CMakeFiles/cmTC_cff7d.dir/CheckFunctionExists.c.o  -o cmTC_cff7d -lpthreads 
/usr/bin/ld: cannot find -lpthreads
collect2: error: ld returned 1 exit status
CMakeFiles/cmTC_cff7d.dir/build.make:97: recipe for target 'cmTC_cff7d' failed
make[1]: *** [cmTC_cff7d] Error 1
make[1]: Leaving directory '/home/team28/catkin_ws/build_isolated/timed_roslaunch/CMakeFiles/CMakeTmp'
Makefile:126: recipe for target 'cmTC_cff7d/fast' failed
make: *** [cmTC_cff7d/fast] Error 2


